default	14:22:03.774302+0900	MTLCompilerService	Compilation (pipeline) time 12.339620 ms
default	14:22:03.775049+0900	MTLCompilerService	Build request: pipeline
default	14:22:03.775228+0900	MTLCompilerService	MTLCompiler upgrade pass forced to use air version 2.6
default	14:22:03.786247+0900	MTLCompilerService	Compilation (pipeline) time 11.164092 ms
default	14:22:03.786652+0900	Console	[0x600003fa52c0] activating connection: mach=false listener=false peer=false name=com.apple.MTLCompilerService
default	14:22:03.786776+0900	MTLCompilerService	Build request: function specialization
default	14:22:03.811225+0900	MTLCompilerService	[0x7fe9cd304080] activating connection: mach=false listener=true peer=false name=com.apple.MTLCompilerService
default	14:22:03.811975+0900	MTLCompilerService	[0x7fe9cd004d40] activating connection: mach=false listener=false peer=true name=com.apple.MTLCompilerService.peer.0x7fe9cd004d40
default	14:22:03.813394+0900	MTLCompilerService	Build request: function specialization
default	14:22:03.827913+0900	MTLCompilerService	Compilation (function specialization) time 14.490741 ms
default	14:22:03.829171+0900	MTLCompilerService	Build request: pipeline
default	14:22:03.829346+0900	MTLCompilerService	MTLCompiler upgrade pass forced to use air version 2.6
error	14:22:03.831677+0900	MTLCompilerService	Disabling saving preferences for { com.apple.MTLCompilerService, <private>, current host, (null) } because home directory is inaccessible
error	14:22:03.831639+0900	kernel	Sandbox: MTLCompilerService(7020) deny(1) file-read-metadata /Users/godrm
error	14:22:03.831696+0900	MTLCompilerService	Disabling saving preferences for { com.apple.MTLCompilerService, <private>, any host, (null) } because home directory is inaccessible
error	14:22:03.831727+0900	MTLCompilerService	Disabling saving preferences for { kCFPreferencesAnyApplication, <private>, current host, (null) } because home directory is inaccessible
error	14:22:03.831743+0900	MTLCompilerService	Disabling saving preferences for { kCFPreferencesAnyApplication, <private>, any host, (null) } because home directory is inaccessible
default	14:22:03.832050+0900	MTLCompilerService	[0x600003d3c000] activating connection: mach=true listener=false peer=false name=com.apple.cfprefsd.daemon
default	14:22:03.832153+0900	MTLCompilerService	[0x600003d2c0f0] activating connection: mach=true listener=false peer=false name=com.apple.cfprefsd.agent
default	14:22:03.832320+0900	cfprefsd	[0x7fe5630096e0] activating connection: mach=false listener=false peer=true name=com.apple.cfprefsd.daemon.peer.0x7fe5630096e0
default	14:22:03.832402+0900	cfprefsd	[0x7fac5f111250] activating connection: mach=false listener=false peer=true name=com.apple.cfprefsd.agent.peer.0x7fac5f111250
error	14:22:03.832885+0900	cfprefsd	Couldn't open parent path due to [2: No such file or directory]
error	14:22:03.832920+0900	cfprefsd	Couldn't open parent path due to [2: No such file or directory]
error	14:22:03.833087+0900	cfprefsd	Couldn't open parent path due to [2: No such file or directory]
default	14:22:03.840533+0900	MTLCompilerService	Compilation (pipeline) time 11.330656 ms
default	14:22:03.840884+0900	MTLCompilerService	Build request: pipeline
default	14:22:03.841087+0900	MTLCompilerService	MTLCompiler upgrade pass forced to use air version 2.6
default	14:22:03.848401+0900	MTLCompilerService	Compilation (pipeline) time 7.487824 ms
default	14:22:03.870137+0900	WindowServer	Dispatching event with 2 children, _eventMask=0x63 _childEventMask=0x62 Cancel=0 Touching=1 inRange=1 (deviceID 0x300000014440000)
default	14:22:03.880589+0900	kernel	LQM-WIFI: slow-wifi featureEnabled:1 Channel:149 chWidth:80 phyMode:128 nss:3 RSSI:-50 CCA:8 SNR:35 offChanDurUS:0 TVPMDurMS:0 concurrentIntDurMS:0 randomMac:0 dataStallScore:100 networkScore:100
default	14:22:03.880598+0900	kernel	LQM-WIFI: slow-wifi btAntDurMS:0 btESCO:0/0 rc1CoexDurMS:0 rc2CoexDurMS:0 lteCoexDurMS:0 totalNonWLANDurMS:0 infraDutyCycle:100 lastScanType:0
default	14:22:03.880600+0900	kernel	LQM-WIFI: slow-wifi availWLANDurMS:5008 availTxDurMS:4218 realTxDurMS:102 availRxDurMS:4906 realRxDurMS:790 measurementDurMS:5008 lastScanDurMS:0
default	14:22:03.880603+0900	kernel	LQM-WIFI: slow-wifi Tx tput (i/p:0 o/p:0 expected:0)Mbps queueFullDurMS:0 avgLatencyMS:0 maxLatencyMS:10 phyRate(mode:390 avg:385 expected:1338) phyRateTputRatio:0
default	14:22:03.880604+0900	kernel	LQM-WIFI: slow-wifi Tx AMPDUDensity(actual:1 expectedAtQueueFull:64) retries:18 fails:0 fwFrames:498 hostFrames:0 hostFails:0 ctlPkts:3(1232) symptomsFails:0
default	14:22:03.880606+0900	kernel	LQM-WIFI: slow-wifi TxLim[1] outputBelowExpected:0 outputBelowInput:0 lowTxFrameCount:1 queueFull:0 highLatency:0 baselineNotAllowed:0 highSymptomsFails:0
default	14:22:03.880609+0900	kernel	LQM-WIFI: slow-wifi TxLim[1] lowPhyRate:0 lowPhyRateTputRatio:0 highPER:0 highRetries:0 lowTxAMPDUDensity:1 lowCCA:1 activeCoex:0 hostFWMismatch:1
default	14:22:03.880610+0900	kernel	LQM-WIFI: slow-wifi Rx tput:0 Mbps baseline:0 Mbps overflows:0 fcsFail:107 plcpBad:102 goodPlcps:7798 crsGlitches:2913 fwFrames:10635 ucastFWFrames:486 hostFrames:0 AmpduDUP:0 APTxDataStallPct:0 rxAmpduTxBaMismatch:0
default	14:22:03.880615+0900	kernel	LQM-WIFI: slow-wifi Rx ucast(replays:0 decryptErrs:0) mcast(replays:0 decryptErrs:0) phyRate(mode:390 avg:550 expected:1338) dups:0 retries:0 phyRateTputRatio:0
default	14:22:03.880619+0900	kernel	LQM-WIFI: slow-wifi RxLim[1] highRetries:0 highPhyPER:0 highDataPER:0 highOverflows:0 highRSSI:1 lowPhyRate:0 lowPhyRateTputRatio:0
default	14:22:03.880620+0900	kernel	LQM-WIFI: slow-wifi RxLim[1] highFCSErrors:0 highDups:0 highReplays:0 highDecryptErrors:0 highMCDecryptErrors:0 lowRxFrameCount:1
default	14:22:03.880621+0900	kernel	LQM-WIFI: UI Entry curState:Idle prevState:PendingIP event:ChannelQualityUpdate data:1
default	14:22:03.880625+0900	kernel	LQM-WIFI: UI Exit curState:Idle prevState:PendingIP
default	14:22:03.880625+0900	kernel	LQM-WIFI: slow-wifi Host and FW packet count mismatch
default	14:22:03.880625+0900	kernel	LQM-WIFI: slow-wifi Host and FW packet count mismatch
default	14:22:03.997961+0900	MTLCompilerService	Compilation (function specialization) time 211.152434 ms
default	14:22:04.005013+0900	MTLCompilerService	Build request: function specialization
default	14:22:04.008562+0900	MTLCompilerService	Compilation (function specialization) time 3.496927 ms
default	14:22:04.008889+0900	MTLCompilerService	Build request: pipeline
default	14:22:04.012871+0900	MTLCompilerService	MTLCompiler upgrade pass forced to use air version 2.6
error	14:22:04.044811+0900	kernel	Sandbox: com.apple.WebKit.Networking(5434) deny(1) mach-lookup com.apple.diagnosticd
default	14:22:04.085112+0900	WindowServer	Dispatching event with 2 children, _eventMask=0x2 _childEventMask=0x2 Cancel=0 Touching=0 inRange=1 (deviceID 0x300000014440000)
default	14:22:04.198107+0900	WindowServer	Dispatching event with 2 children, _eventMask=0x63 _childEventMask=0x62 Cancel=0 Touching=1 inRange=1 (deviceID 0x300000014440000)
